<?xml version="1.0" encoding="UTF-8"?><testrun name="TestTokenizer" project="opennlp-demo" tests="8" started="8" failures="0" errors="0" ignored="0">
  <testsuite name="org.fogbeam.example.opennlp.test.TestTokenizer" time="0.003">
    <testcase name="sameString" classname="org.fogbeam.example.opennlp.test.TestTokenizer" time="0.001"/>
    <testcase name="MakeToken" classname="org.fogbeam.example.opennlp.test.TestTokenizer" time="0.0"/>
    <testcase name="differentString" classname="org.fogbeam.example.opennlp.test.TestTokenizer" time="0.0"/>
    <testcase name="NotNullString2" classname="org.fogbeam.example.opennlp.test.TestTokenizer" time="0.0"/>
    <testcase name="ficheroVacio" classname="org.fogbeam.example.opennlp.test.TestTokenizer" time="0.0"/>
    <testcase name="assertEqualsStrings" classname="org.fogbeam.example.opennlp.test.TestTokenizer" time="0.0"/>
    <testcase name="NotNullString" classname="org.fogbeam.example.opennlp.test.TestTokenizer" time="0.0"/>
    <testcase name="assertNotEqualsStrings" classname="org.fogbeam.example.opennlp.test.TestTokenizer" time="0.0"/>
  </testsuite>
</testrun>
